09:37:40 **** Incremental Build of configuration Debug for project CapSense_Buttons_and_Slider_FreeRTOS ****
"C:\\Users\\11700197\\ModusToolbox\\tools_2.4\\modus-shell\\bin\\make" CY_MAKE_IDE=eclipse CY_MAKE_IDE_VERSION=2.4 CY_IDE_TOOLS_DIR=C:/Users/11700197/ModusToolbox/tools_2.4 -j4 all 
Tools Directory: C:/Users/11700197/ModusToolbox/tools_2.4
CY8CPROTO-062-4343W.mk: ./libs/TARGET_CY8CPROTO-062-4343W/CY8CPROTO-062-4343W.mk
Log file= "C:/Users/11700197/AppData/Local/Temp/device-configurator-cli/device-configurator-cli-20211112.093742.510-7236.log"
Command line= "C:/Users/11700197/ModusToolbox/tools_2.4/device-configurator/device-configurator-cli.exe --library ../mtb_shared/mtb-pdl-cat1/release-v2.3.0/devicesupport.xml --build ./libs/TARGET_CY8CPROTO-062-4343W/COMPONENT_BSP_DESIGN_MODUS/design.modus --check-mcu=CY8C624ABZI-S2D44 --check-coprocessors=CYW4343WKUBG --readonly --skip-build"

Prebuild operations complete
Commencing build operations...

Tools Directory: C:/Users/11700197/ModusToolbox/tools_2.4
CY8CPROTO-062-4343W.mk: ./libs/TARGET_CY8CPROTO-062-4343W/CY8CPROTO-062-4343W.mk

Initializing build: mtb-example-psoc6-capsense-buttons-slider-freertos Debug CY8CPROTO-062-4343W GCC_ARM

Auto-discovery in progress...
-> Found 223 .c file(s)
-> Found 46 .S file(s)
-> Found 25 .s file(s)
-> Found 0 .cpp file(s)
-> Found 0 .o file(s)
-> Found 6 .a file(s)
-> Found 547 .h file(s)
-> Found 0 .hpp file(s)
-> Found 0 resource file(s)
Applying filters...
Auto-discovery complete

Constructing build rules...
Build rules construction complete

==============================================================================
= Building application =
==============================================================================
Generating compilation database file...
-> ./build/compile_commands.json
Compilation database file generation complete
Building 196 file(s)
Compiling main.c -DCY_USING_HAL -DCY_APPNAME_mtb_example_psoc6_capsense_buttons_slider_freertos -DCY8C624ABZI_S2D44 -DCY_TARGET_DEVICE=CY8C624ABZI_S2D44 -DTARGET_CY8CPROTO_062_4343W -DCY_TARGET_BOARD=CY8CPROTO_062_4343W -DCOMPONENT_4343W -DCOMPONENT_BSP_DESIGN_MODUS -DCOMPONENT_CAT1 -DCOMPONENT_CAT1A -DCOMPONENT_CM0P_SLEEP -DCOMPONENT_CM4 -DCOMPONENT_CY8CPROTO_062_4343W -DCOMPONENT_FREERTOS -DCOMPONENT_HCI_UART -DCOMPONENT_MURATA_1DX -DCOMPONENT_PSOC6HAL -DCOMPONENT_SOFTFP -DDEBUG  -DCY_SUPPORTS_DEVICE_VALIDATION -I. -I../mtb_shared/abstraction-rtos/release-v1.5.0 -I../mtb_shared/abstraction-rtos/release-v1.5.0/include -I../mtb_shared/abstraction-rtos/release-v1.5.0/include/COMPONENT_FREERTOS -I../mtb_shared/abstraction-rtos/release-v1.5.0/include/Template -I../mtb_shared/capsense/release-v2.10.0 -I../mtb_shared/clib-support/release-v1.1.0 -I../mtb_shared/clib-support/release-v1.1.0/TOOLCHAIN_GCC_ARM -I../mtb_shared/core-lib/release-v1.3.0 -I../mtb_shared/core-lib/release-v1.3.0/include -I../mtb_shared/freertos/release-v10.3.1 -I../mtb_shared/freertos/release-v10.3.1/Source -I../mtb_shared/freertos/release-v10.3.1/Source/include -I../mtb_shared/freertos/release-v10.3.1/Source/portable -I../mtb_shared/freertos/release-v10.3.1/Source/portable/COMPONENT_CM4 -I../mtb_shared/freertos/release-v10.3.1/Source/portable/COMPONENT_CM4/TOOLCHAIN_GCC_ARM -I../mtb_shared/mtb-hal-cat1/release-v1.6.0 -I../mtb_shared/mtb-hal-cat1/release-v1.6.0/COMPONENT_PSOC6HAL -I../mtb_shared/mtb-hal-cat1/release-v1.6.0/COMPONENT_PSOC6HAL/COMPONENT_CAT1A -I../mtb_shared/mtb-hal-cat1/release-v1.6.0/COMPONENT_PSOC6HAL/COMPONENT_CAT1A/include -I../mtb_shared/mtb-hal-cat1/release-v1.6.0/COMPONENT_PSOC6HAL/COMPONENT_CAT1A/include/pin_packages -I../mtb_shared/mtb-hal-cat1/release-v1.6.0/COMPONENT_PSOC6HAL/COMPONENT_CAT1A/include/triggers -I../mtb_shared/mtb-hal-cat1/release-v1.6.0/COMPONENT_PSOC6HAL/include -I../mtb_shared/mtb-hal-cat1/release-v1.6.0/COMPONENT_PSOC6HAL/source -I../mtb_shared/mtb-hal-cat1/release-v1.6.0/include -I../mtb_shared/mtb-pdl-cat1/release-v2.3.0 -I../mtb_shared/mtb-pdl-cat1/release-v2.3.0/cmsis -I../mtb_shared/mtb-pdl-cat1/release-v2.3.0/cmsis/include -I../mtb_shared/mtb-pdl-cat1/release-v2.3.0/devices -I../mtb_shared/mtb-pdl-cat1/release-v2.3.0/devices/COMPONENT_CAT1A -I../mtb_shared/mtb-pdl-cat1/release-v2.3.0/devices/COMPONENT_CAT1A/include -I../mtb_shared/mtb-pdl-cat1/release-v2.3.0/devices/COMPONENT_CAT1A/include/ip -I../mtb_shared/mtb-pdl-cat1/release-v2.3.0/drivers -I../mtb_shared/mtb-pdl-cat1/release-v2.3.0/drivers/include -I./libs -I./libs/TARGET_CY8CPROTO-062-4343W -I./libs/TARGET_CY8CPROTO-062-4343W/COMPONENT_BSP_DESIGN_MODUS -I./libs/TARGET_CY8CPROTO-062-4343W/COMPONENT_BSP_DESIGN_MODUS/GeneratedSource -I./libs/TARGET_CY8CPROTO-062-4343W/bluetooth
    Linking output file mtb-example-psoc6-capsense-buttons-slider-freertos.elf
==============================================================================
= Build complete =
==============================================================================

Calculating memory consumption: CY8C624ABZI-S2D44 GCC_ARM -Og

   ---------------------------------------------------- 
  | Section Name         |  Address      |  Size       | 
   ---------------------------------------------------- 
  | .cy_m0p_image        |  0x10000000   |  6224       | 
  | .text                |  0x10002000   |  60852      | 
  | .ARM.exidx           |  0x10010db4   |  8          | 
  | .copy.table          |  0x10010dbc   |  24         | 
  | .zero.table          |  0x10010dd4   |  8          | 
  | .data                |  0x080022e0   |  1728       | 
  | .cy_sharedmem        |  0x080029a0   |  8          | 
  | .noinit              |  0x080029a8   |  148        | 
  | .bss                 |  0x08002a3c   |  3460       | 
  | .heap                |  0x080037c0   |  1028160    | 
   ---------------------------------------------------- 

  Total Internal Flash (Available)          2097152    
  Total Internal Flash (Utilized)           70828      

  Total Internal SRAM (Available)           1046528    
  Total Internal SRAM (Utilized with heap)  1033504    

  

09:37:48 Build Finished. 0 errors, 0 warnings. (took 7s.639ms)

